<?xml version="1.0" encoding="UTF-8"?>
<testsuites>
  <testsuite name="/Users/harry/learning/qotsa-api/tests/Feature" tests="6" assertions="15" errors="0" failures="0" skipped="0" time="0.936110">
    <testsuite name="Tests\Feature\APITest" file="/Users/harry/learning/qotsa-api/tests/Feature/APITest.php" tests="6" assertions="15" errors="0" failures="0" skipped="0" time="0.936110">
      <testcase name="lyrics_endpoint_returns_200" file="/Users/harry/learning/qotsa-api/tests/Feature/APITest.php" line="21" class="Tests\Feature\APITest" classname="Tests.Feature.APITest" assertions="1" time="0.213334"/>
      <testcase name="song_endpoint_returns_200" file="/Users/harry/learning/qotsa-api/tests/Feature/APITest.php" line="29" class="Tests\Feature\APITest" classname="Tests.Feature.APITest" assertions="1" time="0.150964"/>
      <testcase name="album_endpoint_returns_200" file="/Users/harry/learning/qotsa-api/tests/Feature/APITest.php" line="37" class="Tests\Feature\APITest" classname="Tests.Feature.APITest" assertions="1" time="0.141478"/>
      <testcase name="lyrics_endpoint_returns_data_with_specific_json_structure" file="/Users/harry/learning/qotsa-api/tests/Feature/APITest.php" line="45" class="Tests\Feature\APITest" classname="Tests.Feature.APITest" assertions="5" time="0.150810"/>
      <testcase name="song_endpoint_returns_data_with_specific_json_structure" file="/Users/harry/learning/qotsa-api/tests/Feature/APITest.php" line="59" class="Tests\Feature\APITest" classname="Tests.Feature.APITest" assertions="4" time="0.131443"/>
      <testcase name="album_endpoint_returns_data_with_specific_json_structure" file="/Users/harry/learning/qotsa-api/tests/Feature/APITest.php" line="72" class="Tests\Feature\APITest" classname="Tests.Feature.APITest" assertions="3" time="0.148081"/>
    </testsuite>
  </testsuite>
</testsuites>
