<?xml version="1.0" encoding="UTF-8"?>
<testsuites>
  <testsuite name="/Users/harry/learning/qotsa-api/tests/Feature" tests="4" assertions="8" errors="0" failures="0" skipped="0" time="0.767552">
    <testsuite name="Tests\Feature\APITest" file="/Users/harry/learning/qotsa-api/tests/Feature/APITest.php" tests="4" assertions="8" errors="0" failures="0" skipped="0" time="0.767552">
      <testcase name="lyrics_endpoint_returns_200" file="/Users/harry/learning/qotsa-api/tests/Feature/APITest.php" line="27" class="Tests\Feature\APITest" classname="Tests.Feature.APITest" assertions="1" time="0.235739"/>
      <testcase name="song_endpoint_returns_200" file="/Users/harry/learning/qotsa-api/tests/Feature/APITest.php" line="36" class="Tests\Feature\APITest" classname="Tests.Feature.APITest" assertions="1" time="0.168395"/>
      <testcase name="album_endpoint_returns_200" file="/Users/harry/learning/qotsa-api/tests/Feature/APITest.php" line="45" class="Tests\Feature\APITest" classname="Tests.Feature.APITest" assertions="1" time="0.177447"/>
      <testcase name="lyrics_endpoint_returns_data_with_specific_json_structure" file="/Users/harry/learning/qotsa-api/tests/Feature/APITest.php" line="54" class="Tests\Feature\APITest" classname="Tests.Feature.APITest" assertions="5" time="0.185971"/>
    </testsuite>
  </testsuite>
</testsuites>
